<?xml version="1.0" encoding="UTF-8"?>
<!-- Generated by org.testng.reporters.JUnitReportReporter -->
<testsuite hostname="DESKTOP-0NVAA7R" failures="0" tests="2" name="com.tests.Authorization" time="11.296" errors="0" timestamp="2022-10-03T13:18:04 IST" skipped="0">
  <testcase classname="com.tests.Authorization" name="AddUser" time="5.654"/>
  <system-out/>
  <testcase classname="com.tests.Authorization" name="LoginInApplication" time="5.642"/>
  <system-out/>
</testsuite> <!-- com.tests.Authorization -->
